  [1m[35m (0.1ms)[0m  [1m[34mSELECT sqlite_version(*)[0m
  ↳ bin/rails:9
  [1m[35m (6.5ms)[0m  [1m[35mCREATE TABLE "schema_migrations" ("version" varchar NOT NULL PRIMARY KEY)[0m
  ↳ bin/rails:9
  [1m[35m (3.5ms)[0m  [1m[35mCREATE TABLE "ar_internal_metadata" ("key" varchar NOT NULL PRIMARY KEY, "value" varchar, "created_at" datetime NOT NULL, "updated_at" datetime NOT NULL)[0m
  ↳ bin/rails:9
  [1m[35m (0.1ms)[0m  [1m[34mSELECT "schema_migrations"."version" FROM "schema_migrations" ORDER BY "schema_migrations"."version" ASC[0m
  ↳ bin/rails:9
  [1m[35m (0.0ms)[0m  [1m[34mSELECT "schema_migrations"."version" FROM "schema_migrations" ORDER BY "schema_migrations"."version" ASC[0m
  ↳ bin/rails:9
  [1m[35m (0.0ms)[0m  [1m[34mSELECT "schema_migrations"."version" FROM "schema_migrations" ORDER BY "schema_migrations"."version" ASC[0m
  ↳ bin/rails:9
  [1m[35m (0.0ms)[0m  [1m[34mSELECT "schema_migrations"."version" FROM "schema_migrations" ORDER BY "schema_migrations"."version" ASC[0m
  ↳ bin/rails:9
  [1m[35m (0.1ms)[0m  [1m[34mSELECT "schema_migrations"."version" FROM "schema_migrations" ORDER BY "schema_migrations"."version" ASC[0m
  ↳ bin/rails:9
  [1m[35m (0.0ms)[0m  [1m[34mSELECT "schema_migrations"."version" FROM "schema_migrations" ORDER BY "schema_migrations"."version" ASC[0m
  ↳ bin/rails:9
  [1m[35m (0.0ms)[0m  [1m[34mSELECT "schema_migrations"."version" FROM "schema_migrations" ORDER BY "schema_migrations"."version" ASC[0m
  ↳ bin/rails:9
  [1m[35m (0.0ms)[0m  [1m[34mSELECT "schema_migrations"."version" FROM "schema_migrations" ORDER BY "schema_migrations"."version" ASC[0m
  ↳ bin/rails:9
  [1m[35m (0.1ms)[0m  [1m[34mSELECT "schema_migrations"."version" FROM "schema_migrations" ORDER BY "schema_migrations"."version" ASC[0m
  ↳ bin/rails:9
Migrating to CreateDogs (20181025170416)
  [1m[35m (0.1ms)[0m  [1m[36mbegin transaction[0m
  ↳ bin/rails:9
  [1m[35m (0.1ms)[0m  [1m[34mSELECT sqlite_version(*)[0m
  ↳ db/migrate/20181025170416_create_dogs.rb:3
  [1m[35m (0.2ms)[0m  [1m[35mCREATE TABLE "dogs" ("id" integer PRIMARY KEY AUTOINCREMENT NOT NULL, "name" varchar, "created_at" datetime NOT NULL, "updated_at" datetime NOT NULL)[0m
  ↳ db/migrate/20181025170416_create_dogs.rb:3
  [1m[36mActiveRecord::SchemaMigration Create (0.1ms)[0m  [1m[32mINSERT INTO "schema_migrations" ("version") VALUES (?)[0m  [["version", "20181025170416"]]
  ↳ bin/rails:9
  [1m[35m (2.6ms)[0m  [1m[36mcommit transaction[0m
  ↳ bin/rails:9
Migrating to CreateDogsitters (20181025170455)
  [1m[35m (0.1ms)[0m  [1m[36mbegin transaction[0m
  ↳ bin/rails:9
  [1m[35m (0.3ms)[0m  [1m[35mCREATE TABLE "dogsitters" ("id" integer PRIMARY KEY AUTOINCREMENT NOT NULL, "name" varchar, "created_at" datetime NOT NULL, "updated_at" datetime NOT NULL)[0m
  ↳ db/migrate/20181025170455_create_dogsitters.rb:3
  [1m[36mActiveRecord::SchemaMigration Create (0.2ms)[0m  [1m[32mINSERT INTO "schema_migrations" ("version") VALUES (?)[0m  [["version", "20181025170455"]]
  ↳ bin/rails:9
  [1m[35m (2.7ms)[0m  [1m[36mcommit transaction[0m
  ↳ bin/rails:9
Migrating to CreateCities (20181025170504)
  [1m[35m (0.1ms)[0m  [1m[36mbegin transaction[0m
  ↳ bin/rails:9
  [1m[35m (0.5ms)[0m  [1m[35mCREATE TABLE "cities" ("id" integer PRIMARY KEY AUTOINCREMENT NOT NULL, "city_name" varchar, "created_at" datetime NOT NULL, "updated_at" datetime NOT NULL)[0m
  ↳ db/migrate/20181025170504_create_cities.rb:3
  [1m[36mActiveRecord::SchemaMigration Create (0.6ms)[0m  [1m[32mINSERT INTO "schema_migrations" ("version") VALUES (?)[0m  [["version", "20181025170504"]]
  ↳ bin/rails:9
  [1m[35m (3.2ms)[0m  [1m[36mcommit transaction[0m
  ↳ bin/rails:9
  [1m[36mActiveRecord::InternalMetadata Load (0.2ms)[0m  [1m[34mSELECT  "ar_internal_metadata".* FROM "ar_internal_metadata" WHERE "ar_internal_metadata"."key" = ? LIMIT ?[0m  [["key", "environment"], ["LIMIT", 1]]
  ↳ bin/rails:9
  [1m[35m (0.1ms)[0m  [1m[36mbegin transaction[0m
  ↳ bin/rails:9
  [1m[36mActiveRecord::InternalMetadata Create (0.4ms)[0m  [1m[32mINSERT INTO "ar_internal_metadata" ("key", "value", "created_at", "updated_at") VALUES (?, ?, ?, ?)[0m  [["key", "environment"], ["value", "development"], ["created_at", "2018-10-25 17:06:30.369098"], ["updated_at", "2018-10-25 17:06:30.369098"]]
  ↳ bin/rails:9
  [1m[35m (3.4ms)[0m  [1m[36mcommit transaction[0m
  ↳ bin/rails:9
  [1m[35m (0.1ms)[0m  [1m[34mSELECT "schema_migrations"."version" FROM "schema_migrations" ORDER BY "schema_migrations"."version" ASC[0m
  ↳ bin/rails:9
  [1m[35m (0.1ms)[0m  [1m[34mSELECT "schema_migrations"."version" FROM "schema_migrations" ORDER BY "schema_migrations"."version" ASC[0m
  ↳ bin/rails:9
  [1m[35m (0.1ms)[0m  [1m[34mSELECT "schema_migrations"."version" FROM "schema_migrations" ORDER BY "schema_migrations"."version" ASC[0m
  ↳ bin/rails:9
  [1m[35m (0.1ms)[0m  [1m[34mSELECT "schema_migrations"."version" FROM "schema_migrations" ORDER BY "schema_migrations"."version" ASC[0m
  ↳ bin/rails:9
  [1m[35m (0.0ms)[0m  [1m[36mbegin transaction[0m
  ↳ db/seeds.rb:4
  [1m[36mDogsitter Create (0.2ms)[0m  [1m[32mINSERT INTO "dogsitters" ("name", "created_at", "updated_at") VALUES (?, ?, ?)[0m  [["name", "Aldo"], ["created_at", "2018-10-25 17:13:41.124947"], ["updated_at", "2018-10-25 17:13:41.124947"]]
  ↳ db/seeds.rb:4
  [1m[35m (2.7ms)[0m  [1m[36mcommit transaction[0m
  ↳ db/seeds.rb:4
  [1m[35m (0.0ms)[0m  [1m[36mbegin transaction[0m
  ↳ db/seeds.rb:5
  [1m[36mDog Create (0.2ms)[0m  [1m[32mINSERT INTO "dogs" ("name", "created_at", "updated_at") VALUES (?, ?, ?)[0m  [["name", "Lexi"], ["created_at", "2018-10-25 17:13:41.133913"], ["updated_at", "2018-10-25 17:13:41.133913"]]
  ↳ db/seeds.rb:5
  [1m[35m (2.5ms)[0m  [1m[36mcommit transaction[0m
  ↳ db/seeds.rb:5
  [1m[35m (0.0ms)[0m  [1m[36mbegin transaction[0m
  ↳ db/seeds.rb:4
  [1m[36mDogsitter Create (0.2ms)[0m  [1m[32mINSERT INTO "dogsitters" ("name", "created_at", "updated_at") VALUES (?, ?, ?)[0m  [["name", "Percy"], ["created_at", "2018-10-25 17:13:41.138201"], ["updated_at", "2018-10-25 17:13:41.138201"]]
  ↳ db/seeds.rb:4
  [1m[35m (2.7ms)[0m  [1m[36mcommit transaction[0m
  ↳ db/seeds.rb:4
  [1m[35m (0.1ms)[0m  [1m[36mbegin transaction[0m
  ↳ db/seeds.rb:5
  [1m[36mDog Create (0.2ms)[0m  [1m[32mINSERT INTO "dogs" ("name", "created_at", "updated_at") VALUES (?, ?, ?)[0m  [["name", "Dakota"], ["created_at", "2018-10-25 17:13:41.142613"], ["updated_at", "2018-10-25 17:13:41.142613"]]
  ↳ db/seeds.rb:5
  [1m[35m (3.1ms)[0m  [1m[36mcommit transaction[0m
  ↳ db/seeds.rb:5
  [1m[35m (0.0ms)[0m  [1m[36mbegin transaction[0m
  ↳ db/seeds.rb:4
  [1m[36mDogsitter Create (0.2ms)[0m  [1m[32mINSERT INTO "dogsitters" ("name", "created_at", "updated_at") VALUES (?, ?, ?)[0m  [["name", "Clementine"], ["created_at", "2018-10-25 17:13:41.147273"], ["updated_at", "2018-10-25 17:13:41.147273"]]
  ↳ db/seeds.rb:4
  [1m[35m (2.8ms)[0m  [1m[36mcommit transaction[0m
  ↳ db/seeds.rb:4
  [1m[35m (0.0ms)[0m  [1m[36mbegin transaction[0m
  ↳ db/seeds.rb:5
  [1m[36mDog Create (0.2ms)[0m  [1m[32mINSERT INTO "dogs" ("name", "created_at", "updated_at") VALUES (?, ?, ?)[0m  [["name", "Lexi"], ["created_at", "2018-10-25 17:13:41.151474"], ["updated_at", "2018-10-25 17:13:41.151474"]]
  ↳ db/seeds.rb:5
  [1m[35m (2.6ms)[0m  [1m[36mcommit transaction[0m
  ↳ db/seeds.rb:5
  [1m[35m (0.0ms)[0m  [1m[36mbegin transaction[0m
  ↳ db/seeds.rb:4
  [1m[36mDogsitter Create (0.2ms)[0m  [1m[32mINSERT INTO "dogsitters" ("name", "created_at", "updated_at") VALUES (?, ?, ?)[0m  [["name", "Alva"], ["created_at", "2018-10-25 17:13:41.155627"], ["updated_at", "2018-10-25 17:13:41.155627"]]
  ↳ db/seeds.rb:4
  [1m[35m (3.0ms)[0m  [1m[36mcommit transaction[0m
  ↳ db/seeds.rb:4
  [1m[35m (0.1ms)[0m  [1m[36mbegin transaction[0m
  ↳ db/seeds.rb:5
  [1m[36mDog Create (0.6ms)[0m  [1m[32mINSERT INTO "dogs" ("name", "created_at", "updated_at") VALUES (?, ?, ?)[0m  [["name", "Princess"], ["created_at", "2018-10-25 17:13:41.161759"], ["updated_at", "2018-10-25 17:13:41.161759"]]
  ↳ db/seeds.rb:5
  [1m[35m (3.3ms)[0m  [1m[36mcommit transaction[0m
  ↳ db/seeds.rb:5
  [1m[35m (0.2ms)[0m  [1m[36mbegin transaction[0m
  ↳ db/seeds.rb:4
  [1m[36mDogsitter Create (0.5ms)[0m  [1m[32mINSERT INTO "dogsitters" ("name", "created_at", "updated_at") VALUES (?, ?, ?)[0m  [["name", "Barbra"], ["created_at", "2018-10-25 17:13:41.170939"], ["updated_at", "2018-10-25 17:13:41.170939"]]
  ↳ db/seeds.rb:4
  [1m[35m (3.7ms)[0m  [1m[36mcommit transaction[0m
  ↳ db/seeds.rb:4
  [1m[35m (0.2ms)[0m  [1m[36mbegin transaction[0m
  ↳ db/seeds.rb:5
  [1m[36mDog Create (0.7ms)[0m  [1m[32mINSERT INTO "dogs" ("name", "created_at", "updated_at") VALUES (?, ?, ?)[0m  [["name", "Snickers"], ["created_at", "2018-10-25 17:13:41.179765"], ["updated_at", "2018-10-25 17:13:41.179765"]]
  ↳ db/seeds.rb:5
  [1m[35m (3.6ms)[0m  [1m[36mcommit transaction[0m
  ↳ db/seeds.rb:5
  [1m[35m (0.1ms)[0m  [1m[36mbegin transaction[0m
  ↳ db/seeds.rb:4
  [1m[36mDogsitter Create (0.5ms)[0m  [1m[32mINSERT INTO "dogsitters" ("name", "created_at", "updated_at") VALUES (?, ?, ?)[0m  [["name", "Alec"], ["created_at", "2018-10-25 17:13:41.188634"], ["updated_at", "2018-10-25 17:13:41.188634"]]
  ↳ db/seeds.rb:4
  [1m[35m (3.6ms)[0m  [1m[36mcommit transaction[0m
  ↳ db/seeds.rb:4
  [1m[35m (0.1ms)[0m  [1m[36mbegin transaction[0m
  ↳ db/seeds.rb:5
  [1m[36mDog Create (0.6ms)[0m  [1m[32mINSERT INTO "dogs" ("name", "created_at", "updated_at") VALUES (?, ?, ?)[0m  [["name", "Teddy"], ["created_at", "2018-10-25 17:13:41.197109"], ["updated_at", "2018-10-25 17:13:41.197109"]]
  ↳ db/seeds.rb:5
  [1m[35m (3.4ms)[0m  [1m[36mcommit transaction[0m
  ↳ db/seeds.rb:5
  [1m[35m (0.2ms)[0m  [1m[36mbegin transaction[0m
  ↳ db/seeds.rb:4
  [1m[36mDogsitter Create (0.6ms)[0m  [1m[32mINSERT INTO "dogsitters" ("name", "created_at", "updated_at") VALUES (?, ?, ?)[0m  [["name", "Freda"], ["created_at", "2018-10-25 17:13:41.206210"], ["updated_at", "2018-10-25 17:13:41.206210"]]
  ↳ db/seeds.rb:4
  [1m[35m (3.6ms)[0m  [1m[36mcommit transaction[0m
  ↳ db/seeds.rb:4
  [1m[35m (0.1ms)[0m  [1m[36mbegin transaction[0m
  ↳ db/seeds.rb:5
  [1m[36mDog Create (0.5ms)[0m  [1m[32mINSERT INTO "dogs" ("name", "created_at", "updated_at") VALUES (?, ?, ?)[0m  [["name", "Chloe"], ["created_at", "2018-10-25 17:13:41.214817"], ["updated_at", "2018-10-25 17:13:41.214817"]]
  ↳ db/seeds.rb:5
  [1m[35m (3.1ms)[0m  [1m[36mcommit transaction[0m
  ↳ db/seeds.rb:5
  [1m[35m (0.1ms)[0m  [1m[36mbegin transaction[0m
  ↳ db/seeds.rb:4
  [1m[36mDogsitter Create (0.3ms)[0m  [1m[32mINSERT INTO "dogsitters" ("name", "created_at", "updated_at") VALUES (?, ?, ?)[0m  [["name", "Alvaro"], ["created_at", "2018-10-25 17:13:41.222621"], ["updated_at", "2018-10-25 17:13:41.222621"]]
  ↳ db/seeds.rb:4
  [1m[35m (3.1ms)[0m  [1m[36mcommit transaction[0m
  ↳ db/seeds.rb:4
  [1m[35m (0.1ms)[0m  [1m[36mbegin transaction[0m
  ↳ db/seeds.rb:5
  [1m[36mDog Create (0.3ms)[0m  [1m[32mINSERT INTO "dogs" ("name", "created_at", "updated_at") VALUES (?, ?, ?)[0m  [["name", "Angel"], ["created_at", "2018-10-25 17:13:41.228377"], ["updated_at", "2018-10-25 17:13:41.228377"]]
  ↳ db/seeds.rb:5
  [1m[35m (2.7ms)[0m  [1m[36mcommit transaction[0m
  ↳ db/seeds.rb:5
  [1m[35m (0.1ms)[0m  [1m[36mbegin transaction[0m
  ↳ db/seeds.rb:4
  [1m[36mDogsitter Create (0.2ms)[0m  [1m[32mINSERT INTO "dogsitters" ("name", "created_at", "updated_at") VALUES (?, ?, ?)[0m  [["name", "Carolann"], ["created_at", "2018-10-25 17:13:41.233646"], ["updated_at", "2018-10-25 17:13:41.233646"]]
  ↳ db/seeds.rb:4
  [1m[35m (2.9ms)[0m  [1m[36mcommit transaction[0m
  ↳ db/seeds.rb:4
  [1m[35m (0.0ms)[0m  [1m[36mbegin transaction[0m
  ↳ db/seeds.rb:5
  [1m[36mDog Create (0.2ms)[0m  [1m[32mINSERT INTO "dogs" ("name", "created_at", "updated_at") VALUES (?, ?, ?)[0m  [["name", "Cookie"], ["created_at", "2018-10-25 17:13:41.238252"], ["updated_at", "2018-10-25 17:13:41.238252"]]
  ↳ db/seeds.rb:5
  [1m[35m (2.6ms)[0m  [1m[36mcommit transaction[0m
  ↳ db/seeds.rb:5
  [1m[35m (0.0ms)[0m  [1m[36mbegin transaction[0m
  ↳ db/seeds.rb:4
  [1m[36mDogsitter Create (0.2ms)[0m  [1m[32mINSERT INTO "dogsitters" ("name", "created_at", "updated_at") VALUES (?, ?, ?)[0m  [["name", "Thomasena"], ["created_at", "2018-10-25 17:13:41.242461"], ["updated_at", "2018-10-25 17:13:41.242461"]]
  ↳ db/seeds.rb:4
  [1m[35m (3.0ms)[0m  [1m[36mcommit transaction[0m
  ↳ db/seeds.rb:4
  [1m[35m (0.0ms)[0m  [1m[36mbegin transaction[0m
  ↳ db/seeds.rb:5
  [1m[36mDog Create (0.2ms)[0m  [1m[32mINSERT INTO "dogs" ("name", "created_at", "updated_at") VALUES (?, ?, ?)[0m  [["name", "Jasmine"], ["created_at", "2018-10-25 17:13:41.247256"], ["updated_at", "2018-10-25 17:13:41.247256"]]
  ↳ db/seeds.rb:5
  [1m[35m (2.7ms)[0m  [1m[36mcommit transaction[0m
  ↳ db/seeds.rb:5
  [1m[35m (0.1ms)[0m  [1m[34mSELECT "schema_migrations"."version" FROM "schema_migrations" ORDER BY "schema_migrations"."version" ASC[0m
  ↳ bin/rails:9
  [1m[36mDog Load (0.1ms)[0m  [1m[34mSELECT  "dogs".* FROM "dogs" WHERE "dogs"."id" = ? LIMIT ?[0m  [["id", 10], ["LIMIT", 1]]
  ↳ db/seeds.rb:6
  [1m[36mDogsitter Load (0.1ms)[0m  [1m[34mSELECT "dogsitters".* FROM "dogsitters" WHERE "dogsitters"."id" IN (?, ?)[0m  [["id", 7], ["id", nil]]
  ↳ db/seeds.rb:6
  [1m[35m (0.1ms)[0m  [1m[34mSELECT "schema_migrations"."version" FROM "schema_migrations" ORDER BY "schema_migrations"."version" ASC[0m
  ↳ bin/rails:9
  [1m[35m (0.1ms)[0m  [1m[34mSELECT "schema_migrations"."version" FROM "schema_migrations" ORDER BY "schema_migrations"."version" ASC[0m
  ↳ bin/rails:9
  [1m[36mDogsitter Load (0.1ms)[0m  [1m[34mSELECT  "dogsitters".* FROM "dogsitters" WHERE "dogsitters"."id" = ? LIMIT ?[0m  [["id", 6], ["LIMIT", 1]]
  ↳ db/seeds.rb:6
  [1m[36mDog Load (0.1ms)[0m  [1m[34mSELECT  "dogs".* FROM "dogs" WHERE "dogs"."id" = ? LIMIT ?[0m  [["id", 9], ["LIMIT", 1]]
  ↳ db/seeds.rb:6
  [1m[35m (0.1ms)[0m  [1m[34mSELECT "schema_migrations"."version" FROM "schema_migrations" ORDER BY "schema_migrations"."version" ASC[0m
  ↳ bin/rails:9
  [1m[35m (0.0ms)[0m  [1m[34mSELECT "schema_migrations"."version" FROM "schema_migrations" ORDER BY "schema_migrations"."version" ASC[0m
  ↳ bin/rails:9
  [1m[35m (0.0ms)[0m  [1m[34mSELECT "schema_migrations"."version" FROM "schema_migrations" ORDER BY "schema_migrations"."version" ASC[0m
  ↳ bin/rails:9
  [1m[35m (0.0ms)[0m  [1m[34mSELECT "schema_migrations"."version" FROM "schema_migrations" ORDER BY "schema_migrations"."version" ASC[0m
  ↳ bin/rails:9
Migrating to CreateCities (20181025170504)
  [1m[35m (0.1ms)[0m  [1m[36mbegin transaction[0m
  ↳ bin/rails:9
  [1m[35m (0.3ms)[0m  [1m[35mDROP TABLE "cities"[0m
  ↳ bin/rails:9
  [1m[36mActiveRecord::SchemaMigration Destroy (0.3ms)[0m  [1m[31mDELETE FROM "schema_migrations" WHERE "schema_migrations"."version" = ?[0m  [["version", "20181025170504"]]
  ↳ bin/rails:9
  [1m[35m (3.2ms)[0m  [1m[36mcommit transaction[0m
  ↳ bin/rails:9
  [1m[35m (0.1ms)[0m  [1m[34mSELECT "schema_migrations"."version" FROM "schema_migrations" ORDER BY "schema_migrations"."version" ASC[0m
  ↳ bin/rails:9
  [1m[35m (0.1ms)[0m  [1m[34mSELECT "schema_migrations"."version" FROM "schema_migrations" ORDER BY "schema_migrations"."version" ASC[0m
  ↳ bin/rails:9
  [1m[35m (0.0ms)[0m  [1m[34mSELECT "schema_migrations"."version" FROM "schema_migrations" ORDER BY "schema_migrations"."version" ASC[0m
  ↳ bin/rails:9
  [1m[35m (0.0ms)[0m  [1m[34mSELECT "schema_migrations"."version" FROM "schema_migrations" ORDER BY "schema_migrations"."version" ASC[0m
  ↳ bin/rails:9
  [1m[35m (0.0ms)[0m  [1m[34mSELECT "schema_migrations"."version" FROM "schema_migrations" ORDER BY "schema_migrations"."version" ASC[0m
  ↳ bin/rails:9
Migrating to CreateDogsitters (20181025170455)
  [1m[35m (0.0ms)[0m  [1m[36mbegin transaction[0m
  ↳ bin/rails:9
  [1m[35m (0.4ms)[0m  [1m[35mDROP TABLE "dogsitters"[0m
  ↳ bin/rails:9
  [1m[36mActiveRecord::SchemaMigration Destroy (0.2ms)[0m  [1m[31mDELETE FROM "schema_migrations" WHERE "schema_migrations"."version" = ?[0m  [["version", "20181025170455"]]
  ↳ bin/rails:9
  [1m[35m (2.2ms)[0m  [1m[36mcommit transaction[0m
  ↳ bin/rails:9
  [1m[35m (0.1ms)[0m  [1m[34mSELECT "schema_migrations"."version" FROM "schema_migrations" ORDER BY "schema_migrations"."version" ASC[0m
  ↳ bin/rails:9
  [1m[35m (0.1ms)[0m  [1m[34mSELECT "schema_migrations"."version" FROM "schema_migrations" ORDER BY "schema_migrations"."version" ASC[0m
  ↳ bin/rails:9
Migrating to CreateDogsitters (20181025170455)
  [1m[35m (0.0ms)[0m  [1m[36mbegin transaction[0m
  ↳ bin/rails:9
  [1m[35m (0.1ms)[0m  [1m[34mSELECT sqlite_version(*)[0m
  ↳ db/migrate/20181025170455_create_dogsitters.rb:3
  [1m[35m (0.2ms)[0m  [1m[35mCREATE TABLE "dogsitters" ("id" integer PRIMARY KEY AUTOINCREMENT NOT NULL, "name" varchar, "created_at" datetime NOT NULL, "updated_at" datetime NOT NULL)[0m
  ↳ db/migrate/20181025170455_create_dogsitters.rb:3
  [1m[36mActiveRecord::SchemaMigration Create (0.1ms)[0m  [1m[32mINSERT INTO "schema_migrations" ("version") VALUES (?)[0m  [["version", "20181025170455"]]
  ↳ bin/rails:9
  [1m[35m (2.3ms)[0m  [1m[36mcommit transaction[0m
  ↳ bin/rails:9
Migrating to CreateCities (20181025170504)
  [1m[35m (0.1ms)[0m  [1m[36mbegin transaction[0m
  ↳ bin/rails:9
  [1m[35m (0.4ms)[0m  [1m[35mCREATE TABLE "cities" ("id" integer PRIMARY KEY AUTOINCREMENT NOT NULL, "city_name" varchar, "patient_id" integer, "doctor_id" integer, "created_at" datetime NOT NULL, "updated_at" datetime NOT NULL)[0m
  ↳ db/migrate/20181025170504_create_cities.rb:3
  [1m[35m (0.1ms)[0m  [1m[35mCREATE  INDEX "index_cities_on_patient_id" ON "cities" ("patient_id")[0m
  ↳ db/migrate/20181025170504_create_cities.rb:3
  [1m[35m (0.1ms)[0m  [1m[35mCREATE  INDEX "index_cities_on_doctor_id" ON "cities" ("doctor_id")[0m
  ↳ db/migrate/20181025170504_create_cities.rb:3
  [1m[36mActiveRecord::SchemaMigration Create (0.2ms)[0m  [1m[32mINSERT INTO "schema_migrations" ("version") VALUES (?)[0m  [["version", "20181025170504"]]
  ↳ bin/rails:9
  [1m[35m (3.5ms)[0m  [1m[36mcommit transaction[0m
  ↳ bin/rails:9
  [1m[36mActiveRecord::InternalMetadata Load (0.2ms)[0m  [1m[34mSELECT  "ar_internal_metadata".* FROM "ar_internal_metadata" WHERE "ar_internal_metadata"."key" = ? LIMIT ?[0m  [["key", "environment"], ["LIMIT", 1]]
  ↳ bin/rails:9
  [1m[35m (0.1ms)[0m  [1m[36mbegin transaction[0m
  ↳ bin/rails:9
  [1m[35m (0.0ms)[0m  [1m[36mcommit transaction[0m
  ↳ bin/rails:9
  [1m[35m (0.1ms)[0m  [1m[34mSELECT "schema_migrations"."version" FROM "schema_migrations" ORDER BY "schema_migrations"."version" ASC[0m
  ↳ bin/rails:9
  [1m[35m (0.1ms)[0m  [1m[34mSELECT "schema_migrations"."version" FROM "schema_migrations" ORDER BY "schema_migrations"."version" ASC[0m
  ↳ bin/rails:9
  [1m[36mDogsitter Load (0.1ms)[0m  [1m[34mSELECT  "dogsitters".* FROM "dogsitters" WHERE "dogsitters"."id" = ? LIMIT ?[0m  [["id", 10], ["LIMIT", 1]]
  ↳ db/seeds.rb:6
  [1m[35m (0.2ms)[0m  [1m[34mSELECT "schema_migrations"."version" FROM "schema_migrations" ORDER BY "schema_migrations"."version" ASC[0m
  ↳ bin/rails:9
  [1m[36mActiveRecord::InternalMetadata Load (0.1ms)[0m  [1m[34mSELECT  "ar_internal_metadata".* FROM "ar_internal_metadata" WHERE "ar_internal_metadata"."key" = ? LIMIT ?[0m  [["key", "environment"], ["LIMIT", 1]]
  ↳ bin/rails:9
  [1m[35m (0.0ms)[0m  [1m[36mbegin transaction[0m
  ↳ bin/rails:9
  [1m[35m (0.0ms)[0m  [1m[36mcommit transaction[0m
  ↳ bin/rails:9
  [1m[35m (0.1ms)[0m  [1m[34mSELECT "schema_migrations"."version" FROM "schema_migrations" ORDER BY "schema_migrations"."version" ASC[0m
  ↳ bin/rails:9
  [1m[35m (0.1ms)[0m  [1m[34mSELECT "schema_migrations"."version" FROM "schema_migrations" ORDER BY "schema_migrations"."version" ASC[0m
  ↳ bin/rails:9
  [1m[36mActiveRecord::InternalMetadata Load (0.1ms)[0m  [1m[34mSELECT  "ar_internal_metadata".* FROM "ar_internal_metadata" WHERE "ar_internal_metadata"."key" = ? LIMIT ?[0m  [["key", "environment"], ["LIMIT", 1]]
  ↳ bin/rails:9
  [1m[35m (0.0ms)[0m  [1m[36mbegin transaction[0m
  ↳ bin/rails:9
  [1m[35m (0.0ms)[0m  [1m[36mcommit transaction[0m
  ↳ bin/rails:9
  [1m[35m (0.1ms)[0m  [1m[34mSELECT "schema_migrations"."version" FROM "schema_migrations" ORDER BY "schema_migrations"."version" ASC[0m
  ↳ bin/rails:9
  [1m[35m (0.1ms)[0m  [1m[34mSELECT "schema_migrations"."version" FROM "schema_migrations" ORDER BY "schema_migrations"."version" ASC[0m
  ↳ bin/rails:9
  [1m[36mActiveRecord::InternalMetadata Load (0.1ms)[0m  [1m[34mSELECT  "ar_internal_metadata".* FROM "ar_internal_metadata" WHERE "ar_internal_metadata"."key" = ? LIMIT ?[0m  [["key", "environment"], ["LIMIT", 1]]
  ↳ bin/rails:9
  [1m[35m (0.0ms)[0m  [1m[36mbegin transaction[0m
  ↳ bin/rails:9
  [1m[35m (0.0ms)[0m  [1m[36mcommit transaction[0m
  ↳ bin/rails:9
  [1m[35m (0.0ms)[0m  [1m[34mSELECT "schema_migrations"."version" FROM "schema_migrations" ORDER BY "schema_migrations"."version" ASC[0m
  ↳ bin/rails:9
  [1m[35m (0.1ms)[0m  [1m[34mSELECT "schema_migrations"."version" FROM "schema_migrations" ORDER BY "schema_migrations"."version" ASC[0m
  ↳ bin/rails:9
  [1m[35m (0.0ms)[0m  [1m[34mSELECT "schema_migrations"."version" FROM "schema_migrations" ORDER BY "schema_migrations"."version" ASC[0m
  ↳ bin/rails:9
  [1m[35m (0.0ms)[0m  [1m[34mSELECT "schema_migrations"."version" FROM "schema_migrations" ORDER BY "schema_migrations"."version" ASC[0m
  ↳ bin/rails:9
  [1m[35m (0.0ms)[0m  [1m[34mSELECT "schema_migrations"."version" FROM "schema_migrations" ORDER BY "schema_migrations"."version" ASC[0m
  ↳ bin/rails:9
Migrating to CreateCities (20181025170504)
  [1m[35m (0.0ms)[0m  [1m[36mbegin transaction[0m
  ↳ bin/rails:9
  [1m[35m (0.3ms)[0m  [1m[35mDROP TABLE "cities"[0m
  ↳ bin/rails:9
  [1m[36mActiveRecord::SchemaMigration Destroy (0.1ms)[0m  [1m[31mDELETE FROM "schema_migrations" WHERE "schema_migrations"."version" = ?[0m  [["version", "20181025170504"]]
  ↳ bin/rails:9
  [1m[35m (2.0ms)[0m  [1m[36mcommit transaction[0m
  ↳ bin/rails:9
  [1m[35m (0.1ms)[0m  [1m[34mSELECT "schema_migrations"."version" FROM "schema_migrations" ORDER BY "schema_migrations"."version" ASC[0m
  ↳ bin/rails:9
  [1m[35m (0.1ms)[0m  [1m[34mSELECT "schema_migrations"."version" FROM "schema_migrations" ORDER BY "schema_migrations"."version" ASC[0m
  ↳ bin/rails:9
  [1m[35m (0.0ms)[0m  [1m[34mSELECT "schema_migrations"."version" FROM "schema_migrations" ORDER BY "schema_migrations"."version" ASC[0m
  ↳ bin/rails:9
  [1m[35m (0.0ms)[0m  [1m[34mSELECT "schema_migrations"."version" FROM "schema_migrations" ORDER BY "schema_migrations"."version" ASC[0m
  ↳ bin/rails:9
  [1m[35m (0.0ms)[0m  [1m[34mSELECT "schema_migrations"."version" FROM "schema_migrations" ORDER BY "schema_migrations"."version" ASC[0m
  ↳ bin/rails:9
Migrating to CreateDogsitters (20181025170455)
  [1m[35m (0.0ms)[0m  [1m[36mbegin transaction[0m
  ↳ bin/rails:9
  [1m[35m (0.3ms)[0m  [1m[35mDROP TABLE "dogsitters"[0m
  ↳ bin/rails:9
  [1m[36mActiveRecord::SchemaMigration Destroy (0.2ms)[0m  [1m[31mDELETE FROM "schema_migrations" WHERE "schema_migrations"."version" = ?[0m  [["version", "20181025170455"]]
  ↳ bin/rails:9
  [1m[35m (1.8ms)[0m  [1m[36mcommit transaction[0m
  ↳ bin/rails:9
  [1m[35m (0.1ms)[0m  [1m[34mSELECT "schema_migrations"."version" FROM "schema_migrations" ORDER BY "schema_migrations"."version" ASC[0m
  ↳ bin/rails:9
  [1m[35m (0.1ms)[0m  [1m[34mSELECT "schema_migrations"."version" FROM "schema_migrations" ORDER BY "schema_migrations"."version" ASC[0m
  ↳ bin/rails:9
Migrating to CreateDogsitters (20181025170455)
  [1m[35m (0.0ms)[0m  [1m[36mbegin transaction[0m
  ↳ bin/rails:9
  [1m[35m (0.1ms)[0m  [1m[34mSELECT sqlite_version(*)[0m
  ↳ db/migrate/20181025170455_create_dogsitters.rb:3
  [1m[35m (0.2ms)[0m  [1m[35mCREATE TABLE "dogsitters" ("id" integer PRIMARY KEY AUTOINCREMENT NOT NULL, "name" varchar, "created_at" datetime NOT NULL, "updated_at" datetime NOT NULL)[0m
  ↳ db/migrate/20181025170455_create_dogsitters.rb:3
  [1m[36mActiveRecord::SchemaMigration Create (0.1ms)[0m  [1m[32mINSERT INTO "schema_migrations" ("version") VALUES (?)[0m  [["version", "20181025170455"]]
  ↳ bin/rails:9
  [1m[35m (2.4ms)[0m  [1m[36mcommit transaction[0m
  ↳ bin/rails:9
Migrating to CreateCities (20181025170504)
  [1m[35m (0.1ms)[0m  [1m[36mbegin transaction[0m
  ↳ bin/rails:9
  [1m[35m (0.3ms)[0m  [1m[35mCREATE TABLE "cities" ("id" integer PRIMARY KEY AUTOINCREMENT NOT NULL, "city_name" varchar, "dogsitter_id" integer, "dog_id" integer, "created_at" datetime NOT NULL, "updated_at" datetime NOT NULL)[0m
  ↳ db/migrate/20181025170504_create_cities.rb:3
  [1m[35m (0.1ms)[0m  [1m[35mCREATE  INDEX "index_cities_on_dogsitter_id" ON "cities" ("dogsitter_id")[0m
  ↳ db/migrate/20181025170504_create_cities.rb:3
  [1m[35m (0.3ms)[0m  [1m[35mCREATE  INDEX "index_cities_on_dog_id" ON "cities" ("dog_id")[0m
  ↳ db/migrate/20181025170504_create_cities.rb:3
  [1m[36mActiveRecord::SchemaMigration Create (0.2ms)[0m  [1m[32mINSERT INTO "schema_migrations" ("version") VALUES (?)[0m  [["version", "20181025170504"]]
  ↳ bin/rails:9
  [1m[35m (2.9ms)[0m  [1m[36mcommit transaction[0m
  ↳ bin/rails:9
  [1m[36mActiveRecord::InternalMetadata Load (0.1ms)[0m  [1m[34mSELECT  "ar_internal_metadata".* FROM "ar_internal_metadata" WHERE "ar_internal_metadata"."key" = ? LIMIT ?[0m  [["key", "environment"], ["LIMIT", 1]]
  ↳ bin/rails:9
  [1m[35m (0.1ms)[0m  [1m[36mbegin transaction[0m
  ↳ bin/rails:9
  [1m[35m (0.0ms)[0m  [1m[36mcommit transaction[0m
  ↳ bin/rails:9
  [1m[35m (0.1ms)[0m  [1m[34mSELECT "schema_migrations"."version" FROM "schema_migrations" ORDER BY "schema_migrations"."version" ASC[0m
  ↳ bin/rails:9
  [1m[35m (0.1ms)[0m  [1m[34mSELECT "schema_migrations"."version" FROM "schema_migrations" ORDER BY "schema_migrations"."version" ASC[0m
  ↳ bin/rails:9
  [1m[35m (0.0ms)[0m  [1m[36mbegin transaction[0m
  ↳ db/seeds.rb:4
  [1m[36mDogsitter Create (0.2ms)[0m  [1m[32mINSERT INTO "dogsitters" ("name", "created_at", "updated_at") VALUES (?, ?, ?)[0m  [["name", "Trinh"], ["created_at", "2018-10-25 17:31:48.792572"], ["updated_at", "2018-10-25 17:31:48.792572"]]
  ↳ db/seeds.rb:4
  [1m[35m (2.4ms)[0m  [1m[36mcommit transaction[0m
  ↳ db/seeds.rb:4
  [1m[35m (0.0ms)[0m  [1m[36mbegin transaction[0m
  ↳ db/seeds.rb:5
  [1m[36mDog Create (0.2ms)[0m  [1m[32mINSERT INTO "dogs" ("name", "created_at", "updated_at") VALUES (?, ?, ?)[0m  [["name", "Jasper"], ["created_at", "2018-10-25 17:31:48.800758"], ["updated_at", "2018-10-25 17:31:48.800758"]]
  ↳ db/seeds.rb:5
  [1m[35m (3.0ms)[0m  [1m[36mcommit transaction[0m
  ↳ db/seeds.rb:5
  [1m[35m (0.0ms)[0m  [1m[36mbegin transaction[0m
  ↳ db/seeds.rb:4
  [1m[36mDogsitter Create (0.2ms)[0m  [1m[32mINSERT INTO "dogsitters" ("name", "created_at", "updated_at") VALUES (?, ?, ?)[0m  [["name", "Ozell"], ["created_at", "2018-10-25 17:31:48.805565"], ["updated_at", "2018-10-25 17:31:48.805565"]]
  ↳ db/seeds.rb:4
  [1m[35m (2.4ms)[0m  [1m[36mcommit transaction[0m
  ↳ db/seeds.rb:4
  [1m[35m (0.0ms)[0m  [1m[36mbegin transaction[0m
  ↳ db/seeds.rb:5
  [1m[36mDog Create (0.2ms)[0m  [1m[32mINSERT INTO "dogs" ("name", "created_at", "updated_at") VALUES (?, ?, ?)[0m  [["name", "Bruno"], ["created_at", "2018-10-25 17:31:48.809433"], ["updated_at", "2018-10-25 17:31:48.809433"]]
  ↳ db/seeds.rb:5
  [1m[35m (2.9ms)[0m  [1m[36mcommit transaction[0m
  ↳ db/seeds.rb:5
  [1m[35m (0.0ms)[0m  [1m[36mbegin transaction[0m
  ↳ db/seeds.rb:4
  [1m[36mDogsitter Create (0.2ms)[0m  [1m[32mINSERT INTO "dogsitters" ("name", "created_at", "updated_at") VALUES (?, ?, ?)[0m  [["name", "Tisa"], ["created_at", "2018-10-25 17:31:48.813916"], ["updated_at", "2018-10-25 17:31:48.813916"]]
  ↳ db/seeds.rb:4
  [1m[35m (2.5ms)[0m  [1m[36mcommit transaction[0m
  ↳ db/seeds.rb:4
  [1m[35m (0.0ms)[0m  [1m[36mbegin transaction[0m
  ↳ db/seeds.rb:5
  [1m[36mDog Create (0.2ms)[0m  [1m[32mINSERT INTO "dogs" ("name", "created_at", "updated_at") VALUES (?, ?, ?)[0m  [["name", "Precious"], ["created_at", "2018-10-25 17:31:48.817888"], ["updated_at", "2018-10-25 17:31:48.817888"]]
  ↳ db/seeds.rb:5
  [1m[35m (3.1ms)[0m  [1m[36mcommit transaction[0m
  ↳ db/seeds.rb:5
  [1m[35m (0.1ms)[0m  [1m[36mbegin transaction[0m
  ↳ db/seeds.rb:4
  [1m[36mDogsitter Create (0.5ms)[0m  [1m[32mINSERT INTO "dogsitters" ("name", "created_at", "updated_at") VALUES (?, ?, ?)[0m  [["name", "Maynard"], ["created_at", "2018-10-25 17:31:48.824237"], ["updated_at", "2018-10-25 17:31:48.824237"]]
  ↳ db/seeds.rb:4
  [1m[35m (3.5ms)[0m  [1m[36mcommit transaction[0m
  ↳ db/seeds.rb:4
  [1m[35m (0.2ms)[0m  [1m[36mbegin transaction[0m
  ↳ db/seeds.rb:5
  [1m[36mDog Create (0.7ms)[0m  [1m[32mINSERT INTO "dogs" ("name", "created_at", "updated_at") VALUES (?, ?, ?)[0m  [["name", "Cody"], ["created_at", "2018-10-25 17:31:48.833849"], ["updated_at", "2018-10-25 17:31:48.833849"]]
  ↳ db/seeds.rb:5
  [1m[35m (3.7ms)[0m  [1m[36mcommit transaction[0m
  ↳ db/seeds.rb:5
  [1m[35m (0.1ms)[0m  [1m[36mbegin transaction[0m
  ↳ db/seeds.rb:4
  [1m[36mDogsitter Create (0.6ms)[0m  [1m[32mINSERT INTO "dogsitters" ("name", "created_at", "updated_at") VALUES (?, ?, ?)[0m  [["name", "Carlton"], ["created_at", "2018-10-25 17:31:48.843811"], ["updated_at", "2018-10-25 17:31:48.843811"]]
  ↳ db/seeds.rb:4
  [1m[35m (3.4ms)[0m  [1m[36mcommit transaction[0m
  ↳ db/seeds.rb:4
  [1m[35m (0.1ms)[0m  [1m[36mbegin transaction[0m
  ↳ db/seeds.rb:5
  [1m[36mDog Create (0.5ms)[0m  [1m[32mINSERT INTO "dogs" ("name", "created_at", "updated_at") VALUES (?, ?, ?)[0m  [["name", "Lily"], ["created_at", "2018-10-25 17:31:48.852155"], ["updated_at", "2018-10-25 17:31:48.852155"]]
  ↳ db/seeds.rb:5
  [1m[35m (3.4ms)[0m  [1m[36mcommit transaction[0m
  ↳ db/seeds.rb:5
  [1m[35m (0.1ms)[0m  [1m[36mbegin transaction[0m
  ↳ db/seeds.rb:4
  [1m[36mDogsitter Create (0.5ms)[0m  [1m[32mINSERT INTO "dogsitters" ("name", "created_at", "updated_at") VALUES (?, ?, ?)[0m  [["name", "Janene"], ["created_at", "2018-10-25 17:31:48.860508"], ["updated_at", "2018-10-25 17:31:48.860508"]]
  ↳ db/seeds.rb:4
  [1m[35m (3.3ms)[0m  [1m[36mcommit transaction[0m
  ↳ db/seeds.rb:4
  [1m[35m (0.1ms)[0m  [1m[36mbegin transaction[0m
  ↳ db/seeds.rb:5
  [1m[36mDog Create (0.5ms)[0m  [1m[32mINSERT INTO "dogs" ("name", "created_at", "updated_at") VALUES (?, ?, ?)[0m  [["name", "Penny"], ["created_at", "2018-10-25 17:31:48.868112"], ["updated_at", "2018-10-25 17:31:48.868112"]]
  ↳ db/seeds.rb:5
  [1m[35m (3.5ms)[0m  [1m[36mcommit transaction[0m
  ↳ db/seeds.rb:5
  [1m[35m (0.1ms)[0m  [1m[36mbegin transaction[0m
  ↳ db/seeds.rb:4
  [1m[36mDogsitter Create (0.3ms)[0m  [1m[32mINSERT INTO "dogsitters" ("name", "created_at", "updated_at") VALUES (?, ?, ?)[0m  [["name", "Jarrett"], ["created_at", "2018-10-25 17:31:48.876229"], ["updated_at", "2018-10-25 17:31:48.876229"]]
  ↳ db/seeds.rb:4
  [1m[35m (2.9ms)[0m  [1m[36mcommit transaction[0m
  ↳ db/seeds.rb:4
  [1m[35m (0.1ms)[0m  [1m[36mbegin transaction[0m
  ↳ db/seeds.rb:5
  [1m[36mDog Create (0.3ms)[0m  [1m[32mINSERT INTO "dogs" ("name", "created_at", "updated_at") VALUES (?, ?, ?)[0m  [["name", "Chico"], ["created_at", "2018-10-25 17:31:48.881877"], ["updated_at", "2018-10-25 17:31:48.881877"]]
  ↳ db/seeds.rb:5
  [1m[35m (2.9ms)[0m  [1m[36mcommit transaction[0m
  ↳ db/seeds.rb:5
  [1m[35m (0.1ms)[0m  [1m[36mbegin transaction[0m
  ↳ db/seeds.rb:4
  [1m[36mDogsitter Create (0.3ms)[0m  [1m[32mINSERT INTO "dogsitters" ("name", "created_at", "updated_at") VALUES (?, ?, ?)[0m  [["name", "Cristopher"], ["created_at", "2018-10-25 17:31:48.887633"], ["updated_at", "2018-10-25 17:31:48.887633"]]
  ↳ db/seeds.rb:4
  [1m[35m (2.9ms)[0m  [1m[36mcommit transaction[0m
  ↳ db/seeds.rb:4
  [1m[35m (0.1ms)[0m  [1m[36mbegin transaction[0m
  ↳ db/seeds.rb:5
  [1m[36mDog Create (0.3ms)[0m  [1m[32mINSERT INTO "dogs" ("name", "created_at", "updated_at") VALUES (?, ?, ?)[0m  [["name", "Ginger"], ["created_at", "2018-10-25 17:31:48.893087"], ["updated_at", "2018-10-25 17:31:48.893087"]]
  ↳ db/seeds.rb:5
  [1m[35m (3.1ms)[0m  [1m[36mcommit transaction[0m
  ↳ db/seeds.rb:5
  [1m[35m (0.1ms)[0m  [1m[36mbegin transaction[0m
  ↳ db/seeds.rb:4
  [1m[36mDogsitter Create (0.3ms)[0m  [1m[32mINSERT INTO "dogsitters" ("name", "created_at", "updated_at") VALUES (?, ?, ?)[0m  [["name", "Donny"], ["created_at", "2018-10-25 17:31:48.899169"], ["updated_at", "2018-10-25 17:31:48.899169"]]
  ↳ db/seeds.rb:4
  [1m[35m (2.8ms)[0m  [1m[36mcommit transaction[0m
  ↳ db/seeds.rb:4
  [1m[35m (0.1ms)[0m  [1m[36mbegin transaction[0m
  ↳ db/seeds.rb:5
  [1m[36mDog Create (0.3ms)[0m  [1m[32mINSERT INTO "dogs" ("name", "created_at", "updated_at") VALUES (?, ?, ?)[0m  [["name", "Luna"], ["created_at", "2018-10-25 17:31:48.904703"], ["updated_at", "2018-10-25 17:31:48.904703"]]
  ↳ db/seeds.rb:5
  [1m[35m (3.1ms)[0m  [1m[36mcommit transaction[0m
  ↳ db/seeds.rb:5
  [1m[35m (0.1ms)[0m  [1m[36mbegin transaction[0m
  ↳ db/seeds.rb:4
  [1m[36mDogsitter Create (0.3ms)[0m  [1m[32mINSERT INTO "dogsitters" ("name", "created_at", "updated_at") VALUES (?, ?, ?)[0m  [["name", "Ina"], ["created_at", "2018-10-25 17:31:48.910919"], ["updated_at", "2018-10-25 17:31:48.910919"]]
  ↳ db/seeds.rb:4
  [1m[35m (2.7ms)[0m  [1m[36mcommit transaction[0m
  ↳ db/seeds.rb:4
  [1m[35m (0.1ms)[0m  [1m[36mbegin transaction[0m
  ↳ db/seeds.rb:5
  [1m[36mDog Create (0.3ms)[0m  [1m[32mINSERT INTO "dogs" ("name", "created_at", "updated_at") VALUES (?, ?, ?)[0m  [["name", "Rusty"], ["created_at", "2018-10-25 17:31:48.916313"], ["updated_at", "2018-10-25 17:31:48.916313"]]
  ↳ db/seeds.rb:5
  [1m[35m (3.1ms)[0m  [1m[36mcommit transaction[0m
  ↳ db/seeds.rb:5
  [1m[35m (0.1ms)[0m  [1m[34mSELECT "schema_migrations"."version" FROM "schema_migrations" ORDER BY "schema_migrations"."version" ASC[0m
  ↳ bin/rails:9
  [1m[36mDogsitter Load (0.1ms)[0m  [1m[34mSELECT  "dogsitters".* FROM "dogsitters" WHERE "dogsitters"."id" = ? LIMIT ?[0m  [["id", 2], ["LIMIT", 1]]
  ↳ db/seeds.rb:6
  [1m[36mDog Load (0.1ms)[0m  [1m[34mSELECT  "dogs".* FROM "dogs" WHERE "dogs"."id" = ? LIMIT ?[0m  [["id", 8], ["LIMIT", 1]]
  ↳ db/seeds.rb:6
  [1m[35m (0.0ms)[0m  [1m[36mbegin transaction[0m
  ↳ db/seeds.rb:6
  [1m[36mCity Create (0.2ms)[0m  [1m[32mINSERT INTO "cities" ("city_name", "dogsitter_id", "dog_id", "created_at", "updated_at") VALUES (?, ?, ?, ?, ?)[0m  [["city_name", "Ellsworthstad"], ["dogsitter_id", 2], ["dog_id", 8], ["created_at", "2018-10-25 17:32:32.827363"], ["updated_at", "2018-10-25 17:32:32.827363"]]
  ↳ db/seeds.rb:6
  [1m[35m (2.1ms)[0m  [1m[36mcommit transaction[0m
  ↳ db/seeds.rb:6
  [1m[36mDogsitter Load (0.1ms)[0m  [1m[34mSELECT  "dogsitters".* FROM "dogsitters" WHERE "dogsitters"."id" = ? LIMIT ?[0m  [["id", 4], ["LIMIT", 1]]
  ↳ db/seeds.rb:6
  [1m[36mDog Load (0.1ms)[0m  [1m[34mSELECT  "dogs".* FROM "dogs" WHERE "dogs"."id" = ? LIMIT ?[0m  [["id", 2], ["LIMIT", 1]]
  ↳ db/seeds.rb:6
  [1m[35m (0.0ms)[0m  [1m[36mbegin transaction[0m
  ↳ db/seeds.rb:6
  [1m[36mCity Create (0.2ms)[0m  [1m[32mINSERT INTO "cities" ("city_name", "dogsitter_id", "dog_id", "created_at", "updated_at") VALUES (?, ?, ?, ?, ?)[0m  [["city_name", "New Vannamouth"], ["dogsitter_id", 4], ["dog_id", 2], ["created_at", "2018-10-25 17:32:32.832057"], ["updated_at", "2018-10-25 17:32:32.832057"]]
  ↳ db/seeds.rb:6
  [1m[35m (2.3ms)[0m  [1m[36mcommit transaction[0m
  ↳ db/seeds.rb:6
  [1m[36mDogsitter Load (0.1ms)[0m  [1m[34mSELECT  "dogsitters".* FROM "dogsitters" WHERE "dogsitters"."id" = ? LIMIT ?[0m  [["id", 2], ["LIMIT", 1]]
  ↳ db/seeds.rb:6
  [1m[36mDog Load (0.1ms)[0m  [1m[34mSELECT  "dogs".* FROM "dogs" WHERE "dogs"."id" = ? LIMIT ?[0m  [["id", 4], ["LIMIT", 1]]
  ↳ db/seeds.rb:6
  [1m[35m (0.0ms)[0m  [1m[36mbegin transaction[0m
  ↳ db/seeds.rb:6
  [1m[36mCity Create (0.2ms)[0m  [1m[32mINSERT INTO "cities" ("city_name", "dogsitter_id", "dog_id", "created_at", "updated_at") VALUES (?, ?, ?, ?, ?)[0m  [["city_name", "Fayberg"], ["dogsitter_id", 2], ["dog_id", 4], ["created_at", "2018-10-25 17:32:32.836606"], ["updated_at", "2018-10-25 17:32:32.836606"]]
  ↳ db/seeds.rb:6
  [1m[35m (2.0ms)[0m  [1m[36mcommit transaction[0m
  ↳ db/seeds.rb:6
  [1m[36mDogsitter Load (0.1ms)[0m  [1m[34mSELECT  "dogsitters".* FROM "dogsitters" WHERE "dogsitters"."id" = ? LIMIT ?[0m  [["id", 7], ["LIMIT", 1]]
  ↳ db/seeds.rb:6
  [1m[36mDog Load (0.1ms)[0m  [1m[34mSELECT  "dogs".* FROM "dogs" WHERE "dogs"."id" = ? LIMIT ?[0m  [["id", 2], ["LIMIT", 1]]
  ↳ db/seeds.rb:6
  [1m[35m (0.0ms)[0m  [1m[36mbegin transaction[0m
  ↳ db/seeds.rb:6
  [1m[36mCity Create (0.2ms)[0m  [1m[32mINSERT INTO "cities" ("city_name", "dogsitter_id", "dog_id", "created_at", "updated_at") VALUES (?, ?, ?, ?, ?)[0m  [["city_name", "Alisonfurt"], ["dogsitter_id", 7], ["dog_id", 2], ["created_at", "2018-10-25 17:32:32.840830"], ["updated_at", "2018-10-25 17:32:32.840830"]]
  ↳ db/seeds.rb:6
  [1m[35m (2.2ms)[0m  [1m[36mcommit transaction[0m
  ↳ db/seeds.rb:6
  [1m[36mDogsitter Load (0.1ms)[0m  [1m[34mSELECT  "dogsitters".* FROM "dogsitters" WHERE "dogsitters"."id" = ? LIMIT ?[0m  [["id", 6], ["LIMIT", 1]]
  ↳ db/seeds.rb:6
  [1m[36mDog Load (0.1ms)[0m  [1m[34mSELECT  "dogs".* FROM "dogs" WHERE "dogs"."id" = ? LIMIT ?[0m  [["id", 7], ["LIMIT", 1]]
  ↳ db/seeds.rb:6
  [1m[35m (0.0ms)[0m  [1m[36mbegin transaction[0m
  ↳ db/seeds.rb:6
  [1m[36mCity Create (0.2ms)[0m  [1m[32mINSERT INTO "cities" ("city_name", "dogsitter_id", "dog_id", "created_at", "updated_at") VALUES (?, ?, ?, ?, ?)[0m  [["city_name", "Colliertown"], ["dogsitter_id", 6], ["dog_id", 7], ["created_at", "2018-10-25 17:32:32.845531"], ["updated_at", "2018-10-25 17:32:32.845531"]]
  ↳ db/seeds.rb:6
  [1m[35m (2.2ms)[0m  [1m[36mcommit transaction[0m
  ↳ db/seeds.rb:6
  [1m[36mDogsitter Load (0.1ms)[0m  [1m[34mSELECT  "dogsitters".* FROM "dogsitters" WHERE "dogsitters"."id" = ? LIMIT ?[0m  [["id", 8], ["LIMIT", 1]]
  ↳ db/seeds.rb:6
  [1m[36mDog Load (0.1ms)[0m  [1m[34mSELECT  "dogs".* FROM "dogs" WHERE "dogs"."id" = ? LIMIT ?[0m  [["id", 4], ["LIMIT", 1]]
  ↳ db/seeds.rb:6
  [1m[35m (0.0ms)[0m  [1m[36mbegin transaction[0m
  ↳ db/seeds.rb:6
  [1m[36mCity Create (0.2ms)[0m  [1m[32mINSERT INTO "cities" ("city_name", "dogsitter_id", "dog_id", "created_at", "updated_at") VALUES (?, ?, ?, ?, ?)[0m  [["city_name", "Leraport"], ["dogsitter_id", 8], ["dog_id", 4], ["created_at", "2018-10-25 17:32:32.850337"], ["updated_at", "2018-10-25 17:32:32.850337"]]
  ↳ db/seeds.rb:6
  [1m[35m (2.3ms)[0m  [1m[36mcommit transaction[0m
  ↳ db/seeds.rb:6
  [1m[36mDogsitter Load (0.1ms)[0m  [1m[34mSELECT  "dogsitters".* FROM "dogsitters" WHERE "dogsitters"."id" = ? LIMIT ?[0m  [["id", 10], ["LIMIT", 1]]
  ↳ db/seeds.rb:6
  [1m[36mDog Load (0.1ms)[0m  [1m[34mSELECT  "dogs".* FROM "dogs" WHERE "dogs"."id" = ? LIMIT ?[0m  [["id", 9], ["LIMIT", 1]]
  ↳ db/seeds.rb:6
  [1m[35m (0.0ms)[0m  [1m[36mbegin transaction[0m
  ↳ db/seeds.rb:6
  [1m[36mCity Create (0.2ms)[0m  [1m[32mINSERT INTO "cities" ("city_name", "dogsitter_id", "dog_id", "created_at", "updated_at") VALUES (?, ?, ?, ?, ?)[0m  [["city_name", "Lake Lurlinestad"], ["dogsitter_id", 10], ["dog_id", 9], ["created_at", "2018-10-25 17:32:32.855055"], ["updated_at", "2018-10-25 17:32:32.855055"]]
  ↳ db/seeds.rb:6
  [1m[35m (2.3ms)[0m  [1m[36mcommit transaction[0m
  ↳ db/seeds.rb:6
  [1m[36mDogsitter Load (0.1ms)[0m  [1m[34mSELECT  "dogsitters".* FROM "dogsitters" WHERE "dogsitters"."id" = ? LIMIT ?[0m  [["id", 6], ["LIMIT", 1]]
  ↳ db/seeds.rb:6
  [1m[36mDog Load (0.1ms)[0m  [1m[34mSELECT  "dogs".* FROM "dogs" WHERE "dogs"."id" = ? LIMIT ?[0m  [["id", 8], ["LIMIT", 1]]
  ↳ db/seeds.rb:6
  [1m[35m (0.0ms)[0m  [1m[36mbegin transaction[0m
  ↳ db/seeds.rb:6
  [1m[36mCity Create (0.2ms)[0m  [1m[32mINSERT INTO "cities" ("city_name", "dogsitter_id", "dog_id", "created_at", "updated_at") VALUES (?, ?, ?, ?, ?)[0m  [["city_name", "Port Chauncey"], ["dogsitter_id", 6], ["dog_id", 8], ["created_at", "2018-10-25 17:32:32.859839"], ["updated_at", "2018-10-25 17:32:32.859839"]]
  ↳ db/seeds.rb:6
  [1m[35m (2.4ms)[0m  [1m[36mcommit transaction[0m
  ↳ db/seeds.rb:6
  [1m[36mDogsitter Load (0.1ms)[0m  [1m[34mSELECT  "dogsitters".* FROM "dogsitters" WHERE "dogsitters"."id" = ? LIMIT ?[0m  [["id", 7], ["LIMIT", 1]]
  ↳ db/seeds.rb:6
  [1m[36mDog Load (0.1ms)[0m  [1m[34mSELECT  "dogs".* FROM "dogs" WHERE "dogs"."id" = ? LIMIT ?[0m  [["id", 3], ["LIMIT", 1]]
  ↳ db/seeds.rb:6
  [1m[35m (0.0ms)[0m  [1m[36mbegin transaction[0m
  ↳ db/seeds.rb:6
  [1m[36mCity Create (0.2ms)[0m  [1m[32mINSERT INTO "cities" ("city_name", "dogsitter_id", "dog_id", "created_at", "updated_at") VALUES (?, ?, ?, ?, ?)[0m  [["city_name", "McClurestad"], ["dogsitter_id", 7], ["dog_id", 3], ["created_at", "2018-10-25 17:32:32.864905"], ["updated_at", "2018-10-25 17:32:32.864905"]]
  ↳ db/seeds.rb:6
  [1m[35m (2.3ms)[0m  [1m[36mcommit transaction[0m
  ↳ db/seeds.rb:6
  [1m[36mDogsitter Load (0.1ms)[0m  [1m[34mSELECT  "dogsitters".* FROM "dogsitters" WHERE "dogsitters"."id" = ? LIMIT ?[0m  [["id", 9], ["LIMIT", 1]]
  ↳ db/seeds.rb:6
  [1m[36mDog Load (0.1ms)[0m  [1m[34mSELECT  "dogs".* FROM "dogs" WHERE "dogs"."id" = ? LIMIT ?[0m  [["id", 2], ["LIMIT", 1]]
  ↳ db/seeds.rb:6
  [1m[35m (0.0ms)[0m  [1m[36mbegin transaction[0m
  ↳ db/seeds.rb:6
  [1m[36mCity Create (0.2ms)[0m  [1m[32mINSERT INTO "cities" ("city_name", "dogsitter_id", "dog_id", "created_at", "updated_at") VALUES (?, ?, ?, ?, ?)[0m  [["city_name", "Haagfurt"], ["dogsitter_id", 9], ["dog_id", 2], ["created_at", "2018-10-25 17:32:32.869729"], ["updated_at", "2018-10-25 17:32:32.869729"]]
  ↳ db/seeds.rb:6
  [1m[35m (2.3ms)[0m  [1m[36mcommit transaction[0m
  ↳ db/seeds.rb:6
  [1m[35m (0.1ms)[0m  [1m[34mSELECT "schema_migrations"."version" FROM "schema_migrations" ORDER BY "schema_migrations"."version" ASC[0m
  ↳ bin/rails:9
Migrating to CreateStrolls (20181025202821)
  [1m[35m (0.1ms)[0m  [1m[36mbegin transaction[0m
  ↳ bin/rails:9
  [1m[35m (0.1ms)[0m  [1m[34mSELECT sqlite_version(*)[0m
  ↳ db/migrate/20181025202821_create_strolls.rb:3
  [1m[35m (0.3ms)[0m  [1m[35mCREATE TABLE "strolls" ("id" integer PRIMARY KEY AUTOINCREMENT NOT NULL, "name_stroll" varchar, "dog_id" integer, "dogsitter_id" integer, "created_at" datetime NOT NULL, "updated_at" datetime NOT NULL)[0m
  ↳ db/migrate/20181025202821_create_strolls.rb:3
  [1m[35m (0.1ms)[0m  [1m[35mCREATE  INDEX "index_strolls_on_dog_id" ON "strolls" ("dog_id")[0m
  ↳ db/migrate/20181025202821_create_strolls.rb:3
  [1m[35m (0.1ms)[0m  [1m[35mCREATE  INDEX "index_strolls_on_dogsitter_id" ON "strolls" ("dogsitter_id")[0m
  ↳ db/migrate/20181025202821_create_strolls.rb:3
  [1m[36mActiveRecord::SchemaMigration Create (0.2ms)[0m  [1m[32mINSERT INTO "schema_migrations" ("version") VALUES (?)[0m  [["version", "20181025202821"]]
  ↳ bin/rails:9
  [1m[35m (2.6ms)[0m  [1m[36mcommit transaction[0m
  ↳ bin/rails:9
  [1m[36mActiveRecord::InternalMetadata Load (0.4ms)[0m  [1m[34mSELECT  "ar_internal_metadata".* FROM "ar_internal_metadata" WHERE "ar_internal_metadata"."key" = ? LIMIT ?[0m  [["key", "environment"], ["LIMIT", 1]]
  ↳ bin/rails:9
  [1m[35m (0.1ms)[0m  [1m[36mbegin transaction[0m
  ↳ bin/rails:9
  [1m[35m (0.0ms)[0m  [1m[36mcommit transaction[0m
  ↳ bin/rails:9
  [1m[35m (0.1ms)[0m  [1m[34mSELECT "schema_migrations"."version" FROM "schema_migrations" ORDER BY "schema_migrations"."version" ASC[0m
  ↳ bin/rails:9
  [1m[35m (0.1ms)[0m  [1m[34mSELECT "schema_migrations"."version" FROM "schema_migrations" ORDER BY "schema_migrations"."version" ASC[0m
  ↳ bin/rails:9
  [1m[36mDogsitter Load (0.1ms)[0m  [1m[34mSELECT  "dogsitters".* FROM "dogsitters" WHERE "dogsitters"."id" = ? LIMIT ?[0m  [["id", 10], ["LIMIT", 1]]
  ↳ db/seeds.rb:7
  [1m[36mDog Load (0.1ms)[0m  [1m[34mSELECT  "dogs".* FROM "dogs" WHERE "dogs"."id" = ? LIMIT ?[0m  [["id", 6], ["LIMIT", 1]]
  ↳ db/seeds.rb:7
  [1m[35m (0.1ms)[0m  [1m[36mbegin transaction[0m
  ↳ db/seeds.rb:7
  [1m[36mStroll Create (0.2ms)[0m  [1m[32mINSERT INTO "strolls" ("name_stroll", "dog_id", "dogsitter_id", "created_at", "updated_at") VALUES (?, ?, ?, ?, ?)[0m  [["name_stroll", "Port Piedadfurt"], ["dog_id", 6], ["dogsitter_id", 10], ["created_at", "2018-10-25 20:33:57.048138"], ["updated_at", "2018-10-25 20:33:57.048138"]]
  ↳ db/seeds.rb:7
  [1m[35m (2.4ms)[0m  [1m[36mcommit transaction[0m
  ↳ db/seeds.rb:7
  [1m[36mDogsitter Load (0.1ms)[0m  [1m[34mSELECT  "dogsitters".* FROM "dogsitters" WHERE "dogsitters"."id" = ? LIMIT ?[0m  [["id", 7], ["LIMIT", 1]]
  ↳ db/seeds.rb:7
  [1m[36mDog Load (0.1ms)[0m  [1m[34mSELECT  "dogs".* FROM "dogs" WHERE "dogs"."id" = ? LIMIT ?[0m  [["id", 7], ["LIMIT", 1]]
  ↳ db/seeds.rb:7
  [1m[35m (0.0ms)[0m  [1m[36mbegin transaction[0m
  ↳ db/seeds.rb:7
  [1m[36mStroll Create (0.2ms)[0m  [1m[32mINSERT INTO "strolls" ("name_stroll", "dog_id", "dogsitter_id", "created_at", "updated_at") VALUES (?, ?, ?, ?, ?)[0m  [["name_stroll", "Noeview"], ["dog_id", 7], ["dogsitter_id", 7], ["created_at", "2018-10-25 20:33:57.053116"], ["updated_at", "2018-10-25 20:33:57.053116"]]
  ↳ db/seeds.rb:7
  [1m[35m (2.2ms)[0m  [1m[36mcommit transaction[0m
  ↳ db/seeds.rb:7
  [1m[36mDogsitter Load (0.1ms)[0m  [1m[34mSELECT  "dogsitters".* FROM "dogsitters" WHERE "dogsitters"."id" = ? LIMIT ?[0m  [["id", 9], ["LIMIT", 1]]
  ↳ db/seeds.rb:7
  [1m[36mDog Load (0.0ms)[0m  [1m[34mSELECT  "dogs".* FROM "dogs" WHERE "dogs"."id" = ? LIMIT ?[0m  [["id", 8], ["LIMIT", 1]]
  ↳ db/seeds.rb:7
  [1m[35m (0.0ms)[0m  [1m[36mbegin transaction[0m
  ↳ db/seeds.rb:7
  [1m[36mStroll Create (0.2ms)[0m  [1m[32mINSERT INTO "strolls" ("name_stroll", "dog_id", "dogsitter_id", "created_at", "updated_at") VALUES (?, ?, ?, ?, ?)[0m  [["name_stroll", "Rogahnburgh"], ["dog_id", 8], ["dogsitter_id", 9], ["created_at", "2018-10-25 20:33:57.057346"], ["updated_at", "2018-10-25 20:33:57.057346"]]
  ↳ db/seeds.rb:7
  [1m[35m (2.3ms)[0m  [1m[36mcommit transaction[0m
  ↳ db/seeds.rb:7
  [1m[36mDogsitter Load (0.1ms)[0m  [1m[34mSELECT  "dogsitters".* FROM "dogsitters" WHERE "dogsitters"."id" = ? LIMIT ?[0m  [["id", 2], ["LIMIT", 1]]
  ↳ db/seeds.rb:7
  [1m[36mDog Load (0.1ms)[0m  [1m[34mSELECT  "dogs".* FROM "dogs" WHERE "dogs"."id" = ? LIMIT ?[0m  [["id", 8], ["LIMIT", 1]]
  ↳ db/seeds.rb:7
  [1m[35m (0.0ms)[0m  [1m[36mbegin transaction[0m
  ↳ db/seeds.rb:7
  [1m[36mStroll Create (0.2ms)[0m  [1m[32mINSERT INTO "strolls" ("name_stroll", "dog_id", "dogsitter_id", "created_at", "updated_at") VALUES (?, ?, ?, ?, ?)[0m  [["name_stroll", "Klockoland"], ["dog_id", 8], ["dogsitter_id", 2], ["created_at", "2018-10-25 20:33:57.061901"], ["updated_at", "2018-10-25 20:33:57.061901"]]
  ↳ db/seeds.rb:7
  [1m[35m (2.2ms)[0m  [1m[36mcommit transaction[0m
  ↳ db/seeds.rb:7
  [1m[36mDogsitter Load (0.1ms)[0m  [1m[34mSELECT  "dogsitters".* FROM "dogsitters" WHERE "dogsitters"."id" = ? LIMIT ?[0m  [["id", 10], ["LIMIT", 1]]
  ↳ db/seeds.rb:7
  [1m[36mDog Load (0.1ms)[0m  [1m[34mSELECT  "dogs".* FROM "dogs" WHERE "dogs"."id" = ? LIMIT ?[0m  [["id", 10], ["LIMIT", 1]]
  ↳ db/seeds.rb:7
  [1m[35m (0.0ms)[0m  [1m[36mbegin transaction[0m
  ↳ db/seeds.rb:7
  [1m[36mStroll Create (0.2ms)[0m  [1m[32mINSERT INTO "strolls" ("name_stroll", "dog_id", "dogsitter_id", "created_at", "updated_at") VALUES (?, ?, ?, ?, ?)[0m  [["name_stroll", "Ricefurt"], ["dog_id", 10], ["dogsitter_id", 10], ["created_at", "2018-10-25 20:33:57.066443"], ["updated_at", "2018-10-25 20:33:57.066443"]]
  ↳ db/seeds.rb:7
  [1m[35m (2.2ms)[0m  [1m[36mcommit transaction[0m
  ↳ db/seeds.rb:7
  [1m[36mDogsitter Load (0.1ms)[0m  [1m[34mSELECT  "dogsitters".* FROM "dogsitters" WHERE "dogsitters"."id" = ? LIMIT ?[0m  [["id", 9], ["LIMIT", 1]]
  ↳ db/seeds.rb:7
  [1m[36mDog Load (0.1ms)[0m  [1m[34mSELECT  "dogs".* FROM "dogs" WHERE "dogs"."id" = ? LIMIT ?[0m  [["id", 8], ["LIMIT", 1]]
  ↳ db/seeds.rb:7
  [1m[35m (0.0ms)[0m  [1m[36mbegin transaction[0m
  ↳ db/seeds.rb:7
  [1m[36mStroll Create (0.2ms)[0m  [1m[32mINSERT INTO "strolls" ("name_stroll", "dog_id", "dogsitter_id", "created_at", "updated_at") VALUES (?, ?, ?, ?, ?)[0m  [["name_stroll", "Renatoside"], ["dog_id", 8], ["dogsitter_id", 9], ["created_at", "2018-10-25 20:33:57.070849"], ["updated_at", "2018-10-25 20:33:57.070849"]]
  ↳ db/seeds.rb:7
  [1m[35m (2.2ms)[0m  [1m[36mcommit transaction[0m
  ↳ db/seeds.rb:7
  [1m[36mDogsitter Load (0.1ms)[0m  [1m[34mSELECT  "dogsitters".* FROM "dogsitters" WHERE "dogsitters"."id" = ? LIMIT ?[0m  [["id", 6], ["LIMIT", 1]]
  ↳ db/seeds.rb:7
  [1m[36mDog Load (0.1ms)[0m  [1m[34mSELECT  "dogs".* FROM "dogs" WHERE "dogs"."id" = ? LIMIT ?[0m  [["id", 6], ["LIMIT", 1]]
  ↳ db/seeds.rb:7
  [1m[35m (0.0ms)[0m  [1m[36mbegin transaction[0m
  ↳ db/seeds.rb:7
  [1m[36mStroll Create (0.2ms)[0m  [1m[32mINSERT INTO "strolls" ("name_stroll", "dog_id", "dogsitter_id", "created_at", "updated_at") VALUES (?, ?, ?, ?, ?)[0m  [["name_stroll", "South Arielleborough"], ["dog_id", 6], ["dogsitter_id", 6], ["created_at", "2018-10-25 20:33:57.075389"], ["updated_at", "2018-10-25 20:33:57.075389"]]
  ↳ db/seeds.rb:7
  [1m[35m (2.3ms)[0m  [1m[36mcommit transaction[0m
  ↳ db/seeds.rb:7
  [1m[36mDogsitter Load (0.1ms)[0m  [1m[34mSELECT  "dogsitters".* FROM "dogsitters" WHERE "dogsitters"."id" = ? LIMIT ?[0m  [["id", 7], ["LIMIT", 1]]
  ↳ db/seeds.rb:7
  [1m[36mDog Load (0.1ms)[0m  [1m[34mSELECT  "dogs".* FROM "dogs" WHERE "dogs"."id" = ? LIMIT ?[0m  [["id", 5], ["LIMIT", 1]]
  ↳ db/seeds.rb:7
  [1m[35m (0.0ms)[0m  [1m[36mbegin transaction[0m
  ↳ db/seeds.rb:7
  [1m[36mStroll Create (0.2ms)[0m  [1m[32mINSERT INTO "strolls" ("name_stroll", "dog_id", "dogsitter_id", "created_at", "updated_at") VALUES (?, ?, ?, ?, ?)[0m  [["name_stroll", "Marksmouth"], ["dog_id", 5], ["dogsitter_id", 7], ["created_at", "2018-10-25 20:33:57.079913"], ["updated_at", "2018-10-25 20:33:57.079913"]]
  ↳ db/seeds.rb:7
  [1m[35m (2.2ms)[0m  [1m[36mcommit transaction[0m
  ↳ db/seeds.rb:7
  [1m[36mDogsitter Load (0.1ms)[0m  [1m[34mSELECT  "dogsitters".* FROM "dogsitters" WHERE "dogsitters"."id" = ? LIMIT ?[0m  [["id", 10], ["LIMIT", 1]]
  ↳ db/seeds.rb:7
  [1m[36mDog Load (0.1ms)[0m  [1m[34mSELECT  "dogs".* FROM "dogs" WHERE "dogs"."id" = ? LIMIT ?[0m  [["id", 8], ["LIMIT", 1]]
  ↳ db/seeds.rb:7
  [1m[35m (0.0ms)[0m  [1m[36mbegin transaction[0m
  ↳ db/seeds.rb:7
  [1m[36mStroll Create (0.2ms)[0m  [1m[32mINSERT INTO "strolls" ("name_stroll", "dog_id", "dogsitter_id", "created_at", "updated_at") VALUES (?, ?, ?, ?, ?)[0m  [["name_stroll", "Herzogborough"], ["dog_id", 8], ["dogsitter_id", 10], ["created_at", "2018-10-25 20:33:57.084259"], ["updated_at", "2018-10-25 20:33:57.084259"]]
  ↳ db/seeds.rb:7
  [1m[35m (2.3ms)[0m  [1m[36mcommit transaction[0m
  ↳ db/seeds.rb:7
  [1m[36mDogsitter Load (0.1ms)[0m  [1m[34mSELECT  "dogsitters".* FROM "dogsitters" WHERE "dogsitters"."id" = ? LIMIT ?[0m  [["id", 9], ["LIMIT", 1]]
  ↳ db/seeds.rb:7
  [1m[36mDog Load (0.1ms)[0m  [1m[34mSELECT  "dogs".* FROM "dogs" WHERE "dogs"."id" = ? LIMIT ?[0m  [["id", 4], ["LIMIT", 1]]
  ↳ db/seeds.rb:7
  [1m[35m (0.0ms)[0m  [1m[36mbegin transaction[0m
  ↳ db/seeds.rb:7
  [1m[36mStroll Create (0.2ms)[0m  [1m[32mINSERT INTO "strolls" ("name_stroll", "dog_id", "dogsitter_id", "created_at", "updated_at") VALUES (?, ?, ?, ?, ?)[0m  [["name_stroll", "Kulasburgh"], ["dog_id", 4], ["dogsitter_id", 9], ["created_at", "2018-10-25 20:33:57.088719"], ["updated_at", "2018-10-25 20:33:57.088719"]]
  ↳ db/seeds.rb:7
  [1m[35m (2.4ms)[0m  [1m[36mcommit transaction[0m
  ↳ db/seeds.rb:7
